C:\Program Files (x86)\Microsoft Visual Studio\2017\Community\Common7\IDE\VC\VCTargets\Microsoft.CppBuild.targets(944,5): warning MSB8027: Two or more files with the name of NetworkingUtils.cpp will produce outputs to the same location. This can lead to an incorrect build result.  The files involved are ..\ip\posix\NetworkingUtils.cpp, ..\ip\win32\NetworkingUtils.cpp.
C:\Program Files (x86)\Microsoft Visual Studio\2017\Community\Common7\IDE\VC\VCTargets\Microsoft.CppBuild.targets(944,5): warning MSB8027: Two or more files with the name of UdpSocket.cpp will produce outputs to the same location. This can lead to an incorrect build result.  The files involved are ..\ip\posix\UdpSocket.cpp, ..\ip\win32\UdpSocket.cpp.
  IpEndpointName.cpp
d:\osc console application\oscreceive\ip\ipendpointname.cpp(89): fatal error C1010: unexpected end of file while looking for precompiled header. Did you forget to add '#include "pch.h"' to your source?
  NetworkingUtils.cpp
d:\osc console application\oscreceive\ip\posix\networkingutils.cpp(65): fatal error C1010: unexpected end of file while looking for precompiled header. Did you forget to add '#include "pch.h"' to your source?
  UdpSocket.cpp
d:\osc console application\oscreceive\ip\posix\udpsocket.cpp(603): fatal error C1010: unexpected end of file while looking for precompiled header. Did you forget to add '#include "pch.h"' to your source?
  NetworkingUtils.cpp
d:\osc console application\oscreceive\ip\win32\networkingutils.cpp(96): fatal error C1010: unexpected end of file while looking for precompiled header. Did you forget to add '#include "pch.h"' to your source?
  UdpSocket.cpp
d:\osc console application\oscreceive\ip\win32\udpsocket.cpp(572): fatal error C1010: unexpected end of file while looking for precompiled header. Did you forget to add '#include "pch.h"' to your source?
  OscOutboundPacketStream.cpp
d:\osc console application\oscreceive\osc\oscoutboundpacketstream.cpp(686): fatal error C1010: unexpected end of file while looking for precompiled header. Did you forget to add '#include "pch.h"' to your source?
  OscPrintReceivedElements.cpp
d:\osc console application\oscreceive\osc\oscprintreceivedelements.cpp(262): fatal error C1010: unexpected end of file while looking for precompiled header. Did you forget to add '#include "pch.h"' to your source?
  OscReceivedElements.cpp
d:\osc console application\oscreceive\osc\oscreceivedelements.cpp(797): fatal error C1010: unexpected end of file while looking for precompiled header. Did you forget to add '#include "pch.h"' to your source?
  OscTypes.cpp
d:\osc console application\oscreceive\osc\osctypes.cpp(53): fatal error C1010: unexpected end of file while looking for precompiled header. Did you forget to add '#include "pch.h"' to your source?
  Generating Code...
