  pch.cpp
  OSCReceive.cpp
OSCReceive.obj : error LNK2001: unresolved external symbol "public: bool __thiscall osc::ReceivedPacket::IsBundle(void)const " (?IsBundle@ReceivedPacket@osc@@QBE_NXZ)
OSCReceive.obj : error LNK2001: unresolved external symbol "public: bool __thiscall osc::ReceivedBundleElement::IsBundle(void)const " (?IsBundle@ReceivedBundleElement@osc@@QBE_NXZ)
OSCReceive.obj : error LNK2001: unresolved external symbol "public: long __thiscall osc::ReceivedBundleElement::Size(void)const " (?Size@ReceivedBundleElement@osc@@QBEJXZ)
OSCReceive.obj : error LNK2001: unresolved external symbol "private: void __thiscall osc::ReceivedMessageArgumentIterator::Advance(void)" (?Advance@ReceivedMessageArgumentIterator@osc@@AAEXXZ)
OSCReceive.obj : error LNK2001: unresolved external symbol "public: bool __thiscall osc::ReceivedMessageArgument::AsBool(void)const " (?AsBool@ReceivedMessageArgument@osc@@QBE_NXZ)
OSCReceive.obj : error LNK2001: unresolved external symbol "public: long __thiscall osc::ReceivedMessageArgument::AsInt32(void)const " (?AsInt32@ReceivedMessageArgument@osc@@QBEJXZ)
OSCReceive.obj : error LNK2001: unresolved external symbol "public: float __thiscall osc::ReceivedMessageArgument::AsFloat(void)const " (?AsFloat@ReceivedMessageArgument@osc@@QBEMXZ)
OSCReceive.obj : error LNK2001: unresolved external symbol "public: char const * __thiscall osc::ReceivedMessageArgument::AsString(void)const " (?AsString@ReceivedMessageArgument@osc@@QBEPBDXZ)
OSCReceive.obj : error LNK2001: unresolved external symbol "public: __thiscall osc::ReceivedBundle::ReceivedBundle(class osc::ReceivedBundleElement const &)" (??0ReceivedBundle@osc@@QAE@ABVReceivedBundleElement@1@@Z)
OSCReceive.obj : error LNK2001: unresolved external symbol "public: __thiscall osc::ReceivedMessage::ReceivedMessage(class osc::ReceivedBundleElement const &)" (??0ReceivedMessage@osc@@QAE@ABVReceivedBundleElement@1@@Z)
OSCReceive.obj : error LNK2001: unresolved external symbol "public: __thiscall osc::ReceivedBundle::ReceivedBundle(class osc::ReceivedPacket const &)" (??0ReceivedBundle@osc@@QAE@ABVReceivedPacket@1@@Z)
OSCReceive.obj : error LNK2001: unresolved external symbol "public: __thiscall osc::ReceivedMessage::ReceivedMessage(class osc::ReceivedPacket const &)" (??0ReceivedMessage@osc@@QAE@ABVReceivedPacket@1@@Z)
OSCReceive.obj : error LNK2001: unresolved external symbol "public: __thiscall UdpSocket::UdpSocket(void)" (??0UdpSocket@@QAE@XZ)
OSCReceive.obj : error LNK2001: unresolved external symbol "public: virtual __thiscall UdpSocket::~UdpSocket(void)" (??1UdpSocket@@UAE@XZ)
OSCReceive.obj : error LNK2001: unresolved external symbol "public: void __thiscall UdpSocket::Bind(class IpEndpointName const &)" (?Bind@UdpSocket@@QAEXABVIpEndpointName@@@Z)
OSCReceive.obj : error LNK2001: unresolved external symbol "public: __thiscall SocketReceiveMultiplexer::SocketReceiveMultiplexer(void)" (??0SocketReceiveMultiplexer@@QAE@XZ)
OSCReceive.obj : error LNK2001: unresolved external symbol "public: __thiscall SocketReceiveMultiplexer::~SocketReceiveMultiplexer(void)" (??1SocketReceiveMultiplexer@@QAE@XZ)
OSCReceive.obj : error LNK2001: unresolved external symbol "public: void __thiscall SocketReceiveMultiplexer::AttachSocketListener(class UdpSocket *,class PacketListener *)" (?AttachSocketListener@SocketReceiveMultiplexer@@QAEXPAVUdpSocket@@PAVPacketListener@@@Z)
OSCReceive.obj : error LNK2001: unresolved external symbol "public: void __thiscall SocketReceiveMultiplexer::DetachSocketListener(class UdpSocket *,class PacketListener *)" (?DetachSocketListener@SocketReceiveMultiplexer@@QAEXPAVUdpSocket@@PAVPacketListener@@@Z)
OSCReceive.obj : error LNK2001: unresolved external symbol "public: void __thiscall SocketReceiveMultiplexer::RunUntilSigInt(void)" (?RunUntilSigInt@SocketReceiveMultiplexer@@QAEXXZ)
OSCReceive.obj : error LNK2001: unresolved external symbol "struct osc::MessageTerminator osc::EndMessage" (?EndMessage@osc@@3UMessageTerminator@1@A)
D:\OSC Console Application\OSCReceive\Release\OSCReceive.exe : fatal error LNK1120: 21 unresolved externals
